[2019-01-05 12:41:29.756] [exthost] [info] extension host started
[2019-01-05 12:41:29.772] [exthost] [info] ExtensionService#_doActivateExtension vscode.debug-auto-launch {"startup":true,"activationEvent":"*"}
[2019-01-05 12:41:29.772] [exthost] [info] ExtensionService#loadCommonJSModule /usr/share/code/resources/app/extensions/debug-auto-launch/dist/extension
[2019-01-05 12:41:29.776] [exthost] [info] ExtensionService#_doActivateExtension vscode.emmet {"startup":true,"activationEvent":"*"}
[2019-01-05 12:41:29.776] [exthost] [info] ExtensionService#loadCommonJSModule /usr/share/code/resources/app/extensions/emmet/dist/extension
[2019-01-05 12:41:29.801] [exthost] [info] ExtensionService#_doActivateExtension vscode.git {"startup":true,"activationEvent":"*"}
[2019-01-05 12:41:29.802] [exthost] [info] ExtensionService#loadCommonJSModule /usr/share/code/resources/app/extensions/git/dist/main
[2019-01-05 12:41:29.925] [exthost] [info] ExtensionService#_doActivateExtension vscode.merge-conflict {"startup":true,"activationEvent":"*"}
[2019-01-05 12:41:29.925] [exthost] [info] ExtensionService#loadCommonJSModule /usr/share/code/resources/app/extensions/merge-conflict/dist/extension
[2019-01-05 12:41:29.932] [exthost] [info] eager extensions activated
[2019-01-05 12:41:47.988] [exthost] [info] extension host started
[2019-01-05 12:41:48.020] [exthost] [info] ExtensionService#_doActivateExtension vscode.debug-auto-launch {"startup":true,"activationEvent":"*"}
[2019-01-05 12:41:48.020] [exthost] [info] ExtensionService#loadCommonJSModule /usr/share/code/resources/app/extensions/debug-auto-launch/dist/extension
[2019-01-05 12:41:48.028] [exthost] [info] ExtensionService#_doActivateExtension vscode.emmet {"startup":true,"activationEvent":"*"}
[2019-01-05 12:41:48.028] [exthost] [info] ExtensionService#loadCommonJSModule /usr/share/code/resources/app/extensions/emmet/dist/extension
[2019-01-05 12:41:48.066] [exthost] [info] ExtensionService#_doActivateExtension vscode.git {"startup":true,"activationEvent":"*"}
[2019-01-05 12:41:48.066] [exthost] [info] ExtensionService#loadCommonJSModule /usr/share/code/resources/app/extensions/git/dist/main
[2019-01-05 12:41:48.266] [exthost] [info] ExtensionService#_doActivateExtension vscode.merge-conflict {"startup":true,"activationEvent":"*"}
[2019-01-05 12:41:48.266] [exthost] [info] ExtensionService#loadCommonJSModule /usr/share/code/resources/app/extensions/merge-conflict/dist/extension
[2019-01-05 12:41:48.277] [exthost] [info] eager extensions activated
[2019-01-05 12:42:24.210] [exthost] [info] ExtensionService#_doActivateExtension vscode.typescript-language-features {"startup":false,"activationEvent":"onLanguage:javascript"}
[2019-01-05 12:42:24.210] [exthost] [info] ExtensionService#loadCommonJSModule /usr/share/code/resources/app/extensions/typescript-language-features/dist/extension
[2019-01-05 12:43:54.789] [exthost] [info] ExtensionService#_doActivateExtension vscode.extension-editing {"startup":false,"activationEvent":"onLanguage:typescript"}
[2019-01-05 12:43:54.789] [exthost] [info] ExtensionService#loadCommonJSModule /usr/share/code/resources/app/extensions/extension-editing/dist/extension
[2019-01-05 12:47:18.878] [exthost] [error] [vscode.typescript-language-features] provider FAILED
[2019-01-05 12:47:18.879] [exthost] [error] TypeError: Cannot read property 'displayParts' of undefined
	at w.resolveCompletionItem (/usr/share/code/resources/app/extensions/typescript-language-features/dist/extension.js:1:99172)
	at <anonymous>
[2019-01-05 12:47:19.390] [exthost] [error] [vscode.typescript-language-features] provider FAILED
[2019-01-05 12:47:19.390] [exthost] [error] TypeError: Cannot read property 'displayParts' of undefined
	at w.resolveCompletionItem (/usr/share/code/resources/app/extensions/typescript-language-features/dist/extension.js:1:99172)
	at <anonymous>
[2019-01-05 12:47:19.928] [exthost] [error] [vscode.typescript-language-features] provider FAILED
[2019-01-05 12:47:19.929] [exthost] [error] TypeError: Cannot read property 'displayParts' of undefined
	at w.resolveCompletionItem (/usr/share/code/resources/app/extensions/typescript-language-features/dist/extension.js:1:99172)
	at <anonymous>
[2019-01-05 12:47:21.012] [exthost] [error] [vscode.typescript-language-features] provider FAILED
[2019-01-05 12:47:21.012] [exthost] [error] TypeError: Cannot read property 'displayParts' of undefined
	at w.resolveCompletionItem (/usr/share/code/resources/app/extensions/typescript-language-features/dist/extension.js:1:99172)
	at <anonymous>
[2019-01-05 12:48:19.370] [exthost] [error] [vscode.typescript-language-features] provider FAILED
[2019-01-05 12:48:19.370] [exthost] [error] TypeError: Cannot read property 'displayParts' of undefined
	at w.resolveCompletionItem (/usr/share/code/resources/app/extensions/typescript-language-features/dist/extension.js:1:99172)
	at <anonymous>
[2019-01-05 12:48:19.552] [exthost] [error] [vscode.typescript-language-features] provider FAILED
[2019-01-05 12:48:19.553] [exthost] [error] TypeError: Cannot read property 'displayParts' of undefined
	at w.resolveCompletionItem (/usr/share/code/resources/app/extensions/typescript-language-features/dist/extension.js:1:99172)
	at <anonymous>
[2019-01-05 12:48:19.763] [exthost] [error] [vscode.typescript-language-features] provider FAILED
[2019-01-05 12:48:19.763] [exthost] [error] TypeError: Cannot read property 'displayParts' of undefined
	at w.resolveCompletionItem (/usr/share/code/resources/app/extensions/typescript-language-features/dist/extension.js:1:99172)
	at <anonymous>
[2019-01-05 12:48:19.900] [exthost] [error] [vscode.typescript-language-features] provider FAILED
[2019-01-05 12:48:19.900] [exthost] [error] TypeError: Cannot read property 'displayParts' of undefined
	at w.resolveCompletionItem (/usr/share/code/resources/app/extensions/typescript-language-features/dist/extension.js:1:99172)
	at <anonymous>
[2019-01-05 12:48:20.365] [exthost] [error] [vscode.typescript-language-features] provider FAILED
[2019-01-05 12:48:20.365] [exthost] [error] TypeError: Cannot read property 'displayParts' of undefined
	at w.resolveCompletionItem (/usr/share/code/resources/app/extensions/typescript-language-features/dist/extension.js:1:99172)
	at <anonymous>
[2019-01-05 12:48:23.196] [exthost] [error] [vscode.typescript-language-features] provider FAILED
[2019-01-05 12:48:23.196] [exthost] [error] TypeError: Cannot read property 'displayParts' of undefined
	at w.resolveCompletionItem (/usr/share/code/resources/app/extensions/typescript-language-features/dist/extension.js:1:99172)
	at <anonymous>
[2019-01-05 12:48:23.357] [exthost] [error] [vscode.typescript-language-features] provider FAILED
[2019-01-05 12:48:23.358] [exthost] [error] TypeError: Cannot read property 'displayParts' of undefined
	at w.resolveCompletionItem (/usr/share/code/resources/app/extensions/typescript-language-features/dist/extension.js:1:99172)
	at <anonymous>
[2019-01-05 12:48:23.518] [exthost] [error] [vscode.typescript-language-features] provider FAILED
[2019-01-05 12:48:23.518] [exthost] [error] TypeError: Cannot read property 'displayParts' of undefined
	at w.resolveCompletionItem (/usr/share/code/resources/app/extensions/typescript-language-features/dist/extension.js:1:99172)
	at <anonymous>
[2019-01-05 12:48:24.062] [exthost] [error] [vscode.typescript-language-features] provider FAILED
[2019-01-05 12:48:24.062] [exthost] [error] TypeError: Cannot read property 'displayParts' of undefined
	at w.resolveCompletionItem (/usr/share/code/resources/app/extensions/typescript-language-features/dist/extension.js:1:99172)
	at <anonymous>
[2019-01-05 12:48:39.419] [exthost] [error] [vscode.typescript-language-features] provider FAILED
[2019-01-05 12:48:39.419] [exthost] [error] TypeError: Cannot read property 'displayParts' of undefined
	at w.resolveCompletionItem (/usr/share/code/resources/app/extensions/typescript-language-features/dist/extension.js:1:99172)
	at <anonymous>
[2019-01-05 12:48:39.940] [exthost] [error] [vscode.typescript-language-features] provider FAILED
[2019-01-05 12:48:39.940] [exthost] [error] TypeError: Cannot read property 'displayParts' of undefined
	at w.resolveCompletionItem (/usr/share/code/resources/app/extensions/typescript-language-features/dist/extension.js:1:99172)
	at <anonymous>
[2019-01-05 12:48:49.084] [exthost] [error] [vscode.typescript-language-features] provider FAILED
[2019-01-05 12:48:49.084] [exthost] [error] TypeError: Cannot read property 'displayParts' of undefined
	at w.resolveCompletionItem (/usr/share/code/resources/app/extensions/typescript-language-features/dist/extension.js:1:99172)
	at <anonymous>
[2019-01-05 12:48:49.372] [exthost] [error] [vscode.typescript-language-features] provider FAILED
[2019-01-05 12:48:49.372] [exthost] [error] TypeError: Cannot read property 'displayParts' of undefined
	at w.resolveCompletionItem (/usr/share/code/resources/app/extensions/typescript-language-features/dist/extension.js:1:99172)
	at <anonymous>
[2019-01-05 12:48:49.717] [exthost] [error] [vscode.typescript-language-features] provider FAILED
[2019-01-05 12:48:49.717] [exthost] [error] TypeError: Cannot read property 'displayParts' of undefined
	at w.resolveCompletionItem (/usr/share/code/resources/app/extensions/typescript-language-features/dist/extension.js:1:99172)
	at <anonymous>
[2019-01-05 12:48:49.919] [exthost] [error] [vscode.typescript-language-features] provider FAILED
[2019-01-05 12:48:49.919] [exthost] [error] TypeError: Cannot read property 'displayParts' of undefined
	at w.resolveCompletionItem (/usr/share/code/resources/app/extensions/typescript-language-features/dist/extension.js:1:99172)
	at <anonymous>
[2019-01-05 12:48:50.420] [exthost] [error] [vscode.typescript-language-features] provider FAILED
[2019-01-05 12:48:50.420] [exthost] [error] TypeError: Cannot read property 'displayParts' of undefined
	at w.resolveCompletionItem (/usr/share/code/resources/app/extensions/typescript-language-features/dist/extension.js:1:99172)
	at <anonymous>
[2019-01-05 12:48:53.137] [exthost] [error] [vscode.typescript-language-features] provider FAILED
[2019-01-05 12:48:53.137] [exthost] [error] TypeError: Cannot read property 'displayParts' of undefined
	at w.resolveCompletionItem (/usr/share/code/resources/app/extensions/typescript-language-features/dist/extension.js:1:99172)
	at <anonymous>
[2019-01-05 12:48:53.269] [exthost] [error] [vscode.typescript-language-features] provider FAILED
[2019-01-05 12:48:53.269] [exthost] [error] TypeError: Cannot read property 'displayParts' of undefined
	at w.resolveCompletionItem (/usr/share/code/resources/app/extensions/typescript-language-features/dist/extension.js:1:99172)
	at <anonymous>
[2019-01-05 12:48:53.432] [exthost] [error] [vscode.typescript-language-features] provider FAILED
[2019-01-05 12:48:53.432] [exthost] [error] TypeError: Cannot read property 'displayParts' of undefined
	at w.resolveCompletionItem (/usr/share/code/resources/app/extensions/typescript-language-features/dist/extension.js:1:99172)
	at <anonymous>
[2019-01-05 12:48:53.941] [exthost] [error] [vscode.typescript-language-features] provider FAILED
[2019-01-05 12:48:53.943] [exthost] [error] TypeError: Cannot read property 'displayParts' of undefined
	at w.resolveCompletionItem (/usr/share/code/resources/app/extensions/typescript-language-features/dist/extension.js:1:99172)
	at <anonymous>
[2019-01-05 12:48:56.259] [exthost] [error] [vscode.typescript-language-features] provider FAILED
[2019-01-05 12:48:56.260] [exthost] [error] TypeError: Cannot read property 'displayParts' of undefined
	at w.resolveCompletionItem (/usr/share/code/resources/app/extensions/typescript-language-features/dist/extension.js:1:99172)
	at <anonymous>
[2019-01-05 12:48:56.347] [exthost] [error] [vscode.typescript-language-features] provider FAILED
[2019-01-05 12:48:56.347] [exthost] [error] TypeError: Cannot read property 'displayParts' of undefined
	at w.resolveCompletionItem (/usr/share/code/resources/app/extensions/typescript-language-features/dist/extension.js:1:99172)
	at <anonymous>
[2019-01-05 12:49:06.036] [exthost] [error] [vscode.typescript-language-features] provider FAILED
[2019-01-05 12:49:06.036] [exthost] [error] TypeError: Cannot read property 'displayParts' of undefined
	at w.resolveCompletionItem (/usr/share/code/resources/app/extensions/typescript-language-features/dist/extension.js:1:99172)
	at <anonymous>
[2019-01-05 12:49:06.958] [exthost] [error] [vscode.typescript-language-features] provider FAILED
[2019-01-05 12:49:06.959] [exthost] [error] TypeError: Cannot read property 'displayParts' of undefined
	at w.resolveCompletionItem (/usr/share/code/resources/app/extensions/typescript-language-features/dist/extension.js:1:99172)
	at <anonymous>
[2019-01-05 12:49:07.118] [exthost] [error] [vscode.typescript-language-features] provider FAILED
[2019-01-05 12:49:07.118] [exthost] [error] TypeError: Cannot read property 'displayParts' of undefined
	at w.resolveCompletionItem (/usr/share/code/resources/app/extensions/typescript-language-features/dist/extension.js:1:99172)
	at <anonymous>
[2019-01-05 12:49:07.174] [exthost] [error] [vscode.typescript-language-features] provider FAILED
[2019-01-05 12:49:07.174] [exthost] [error] TypeError: Cannot read property 'displayParts' of undefined
	at w.resolveCompletionItem (/usr/share/code/resources/app/extensions/typescript-language-features/dist/extension.js:1:99172)
	at <anonymous>
[2019-01-05 12:49:08.434] [exthost] [error] [vscode.typescript-language-features] provider FAILED
[2019-01-05 12:49:08.435] [exthost] [error] TypeError: Cannot read property 'displayParts' of undefined
	at w.resolveCompletionItem (/usr/share/code/resources/app/extensions/typescript-language-features/dist/extension.js:1:99172)
	at <anonymous>
[2019-01-05 12:49:10.328] [exthost] [error] [vscode.typescript-language-features] provider FAILED
[2019-01-05 12:49:10.328] [exthost] [error] TypeError: Cannot read property 'displayParts' of undefined
	at w.resolveCompletionItem (/usr/share/code/resources/app/extensions/typescript-language-features/dist/extension.js:1:99172)
	at <anonymous>
[2019-01-05 20:01:20.173] [exthost] [error] [vscode.typescript-language-features] provider FAILED
[2019-01-05 20:01:20.173] [exthost] [error] TypeError: Cannot read property 'displayParts' of undefined
	at w.resolveCompletionItem (/usr/share/code/resources/app/extensions/typescript-language-features/dist/extension.js:1:99172)
	at <anonymous>
[2019-01-05 20:01:20.290] [exthost] [error] [vscode.typescript-language-features] provider FAILED
[2019-01-05 20:01:20.290] [exthost] [error] TypeError: Cannot read property 'displayParts' of undefined
	at w.resolveCompletionItem (/usr/share/code/resources/app/extensions/typescript-language-features/dist/extension.js:1:99172)
	at <anonymous>
[2019-01-05 20:01:23.538] [exthost] [error] [vscode.typescript-language-features] provider FAILED
[2019-01-05 20:01:23.538] [exthost] [error] TypeError: Cannot read property 'displayParts' of undefined
	at w.resolveCompletionItem (/usr/share/code/resources/app/extensions/typescript-language-features/dist/extension.js:1:99172)
	at <anonymous>
[2019-01-05 20:15:42.374] [exthost] [error] [vscode.typescript-language-features] provider FAILED
[2019-01-05 20:15:42.374] [exthost] [error] {"seq":0,"type":"response","command":"signatureHelp","request_seq":779,"success":false,"message":"Error processing request. Cannot read property 'pos' of undefined\nTypeError: Cannot read property 'pos' of undefined\n    at Object.rangeContainsRange (/usr/share/code/resources/app/extensions/node_modules/typescript/lib/tsserver.js:92876:41)\n    at _loop_6 (/usr/share/code/resources/app/extensions/node_modules/typescript/lib/tsserver.js:103739:36)\n    at getContainingArgumentInfo (/usr/share/code/resources/app/extensions/node_modules/typescript/lib/tsserver.js:103746:31)\n    at Object.getSignatureHelpItems (/usr/share/code/resources/app/extensions/node_modules/typescript/lib/tsserver.js:103361:32)\n    at Object.getSignatureHelpItems (/usr/share/code/resources/app/extensions/node_modules/typescript/lib/tsserver.js:117580:37)\n    at IOSession.Session.getSignatureHelpItems (/usr/share/code/resources/app/extensions/node_modules/typescript/lib/tsserver.js:125403:62)\n    at Session.handlers.ts.createMapFromTemplate._a.(anonymous function) (/usr/share/code/resources/app/extensions/node_modules/typescript/lib/tsserver.js:124358:61)\n    at /usr/share/code/resources/app/extensions/node_modules/typescript/lib/tsserver.js:125824:88\n    at IOSession.Session.executeWithRequestId (/usr/share/code/resources/app/extensions/node_modules/typescript/lib/tsserver.js:125815:28)\n    at IOSession.Session.executeCommand (/usr/share/code/resources/app/extensions/node_modules/typescript/lib/tsserver.js:125824:33)\n    at IOSession.Session.onMessage (/usr/share/code/resources/app/extensions/node_modules/typescript/lib/tsserver.js:125846:35)\n    at Interface.<anonymous> (/usr/share/code/resources/app/extensions/node_modules/typescript/lib/tsserver.js:127106:27)\n    at emitOne (events.js:116:13)\n    at Interface.emit (events.js:211:7)\n    at Interface._onLine (readline.js:282:10)\n    at Interface._normalWrite (readline.js:424:12)\n    at Socket.ondata (readline.js:141:10)\n    at emitOne (events.js:116:13)\n    at Socket.emit (events.js:211:7)\n    at addChunk (_stream_readable.js:263:12)\n    at readableAddChunk (_stream_readable.js:250:11)\n    at Socket.Readable.push (_stream_readable.js:208:10)\n    at Pipe.onread (net.js:594:20)"}
[2019-01-05 20:25:47.591] [exthost] [info] extension host started
[2019-01-05 20:25:47.628] [exthost] [info] ExtensionService#_doActivateExtension vscode.debug-auto-launch {"startup":true,"activationEvent":"*"}
[2019-01-05 20:25:47.628] [exthost] [info] ExtensionService#loadCommonJSModule /usr/share/code/resources/app/extensions/debug-auto-launch/dist/extension
[2019-01-05 20:25:47.637] [exthost] [info] ExtensionService#_doActivateExtension vscode.emmet {"startup":true,"activationEvent":"*"}
[2019-01-05 20:25:47.637] [exthost] [info] ExtensionService#loadCommonJSModule /usr/share/code/resources/app/extensions/emmet/dist/extension
[2019-01-05 20:25:47.672] [exthost] [info] ExtensionService#_doActivateExtension vscode.git {"startup":true,"activationEvent":"*"}
[2019-01-05 20:25:47.672] [exthost] [info] ExtensionService#loadCommonJSModule /usr/share/code/resources/app/extensions/git/dist/main
[2019-01-05 20:25:47.865] [exthost] [info] ExtensionService#_doActivateExtension vscode.merge-conflict {"startup":true,"activationEvent":"*"}
[2019-01-05 20:25:47.865] [exthost] [info] ExtensionService#loadCommonJSModule /usr/share/code/resources/app/extensions/merge-conflict/dist/extension
[2019-01-05 20:25:47.878] [exthost] [info] eager extensions activated
